# JRE version: Java(TM) SE Runtime Environment (8.0_281-b09) (build 1.8.0_281-b09)
# Java VM: Java HotSpot(TM) 64-Bit Server VM (25.281-b09 mixed mode windows-amd64 compressed oops)
Heap:
 PSYoungGen      total 287232K, used 203126K [0x00000000d5e00000, 0x00000000e8900000, 0x0000000100000000)
  eden space 269824K, 75% used [0x00000000d5e00000,0x00000000e245dad0,0x00000000e6580000)
  from space 17408K, 0% used [0x00000000e7600000,0x00000000e7600000,0x00000000e8700000)
  to   space 16896K, 0% used [0x00000000e6580000,0x00000000e6580000,0x00000000e7600000)
 ParOldGen       total 102912K, used 21913K [0x0000000081a00000, 0x0000000087e80000, 0x00000000d5e00000)
  object space 102912K, 21% used [0x0000000081a00000,0x0000000082f66770,0x0000000087e80000)
 Metaspace       used 65235K, capacity 69100K, committed 69336K, reserved 1110016K
  class space    used 9054K, capacity 9710K, committed 9728K, reserved 1048576K
GC Heap History (10 events):
Event: 4.834 GC heap before
{Heap before GC invocations=9 (full 1):
 PSYoungGen      total 140800K, used 38039K [0x00000000d5e00000, 0x00000000e3a80000, 0x0000000100000000)
  eden space 131584K, 21% used [0x00000000d5e00000,0x00000000d7a2c280,0x00000000dde80000)
  from space 9216K, 99% used [0x00000000dde80000,0x00000000de779b48,0x00000000de780000)
  to   space 11264K, 0% used [0x00000000e2f80000,0x00000000e2f80000,0x00000000e3a80000)
 ParOldGen       total 49664K, used 8850K [0x0000000081a00000, 0x0000000084a80000, 0x00000000d5e00000)
  object space 49664K, 17% used [0x0000000081a00000,0x00000000822a4b40,0x0000000084a80000)
 Metaspace       used 33306K, capacity 35388K, committed 35416K, reserved 1079296K
  class space    used 4573K, capacity 4975K, committed 4992K, reserved 1048576K
Event: 4.846 GC heap after
Heap after GC invocations=9 (full 1):
 PSYoungGen      total 214016K, used 9729K [0x00000000d5e00000, 0x00000000e5080000, 0x0000000100000000)
  eden space 202752K, 0% used [0x00000000d5e00000,0x00000000d5e00000,0x00000000e2400000)
  from space 11264K, 86% used [0x00000000e2f80000,0x00000000e3900520,0x00000000e3a80000)
  to   space 11776K, 0% used [0x00000000e2400000,0x00000000e2400000,0x00000000e2f80000)
 ParOldGen       total 49664K, used 8922K [0x0000000081a00000, 0x0000000084a80000, 0x00000000d5e00000)
  object space 49664K, 17% used [0x0000000081a00000,0x00000000822b6b50,0x0000000084a80000)
 Metaspace       used 33306K, capacity 35388K, committed 35416K, reserved 1079296K
  class space    used 4573K, capacity 4975K, committed 4992K, reserved 1048576K
}
Event: 4.846 GC heap before
{Heap before GC invocations=10 (full 2):
 PSYoungGen      total 214016K, used 9729K [0x00000000d5e00000, 0x00000000e5080000, 0x0000000100000000)
  eden space 202752K, 0% used [0x00000000d5e00000,0x00000000d5e00000,0x00000000e2400000)
  from space 11264K, 86% used [0x00000000e2f80000,0x00000000e3900520,0x00000000e3a80000)
  to   space 11776K, 0% used [0x00000000e2400000,0x00000000e2400000,0x00000000e2f80000)
 ParOldGen       total 49664K, used 8922K [0x0000000081a00000, 0x0000000084a80000, 0x00000000d5e00000)
  object space 49664K, 17% used [0x0000000081a00000,0x00000000822b6b50,0x0000000084a80000)
 Metaspace       used 33306K, capacity 35388K, committed 35416K, reserved 1079296K
  class space    used 4573K, capacity 4975K, committed 4992K, reserved 1048576K
Event: 4.943 GC heap after
Heap after GC invocations=10 (full 2):
 PSYoungGen      total 214016K, used 0K [0x00000000d5e00000, 0x00000000e5080000, 0x0000000100000000)
  eden space 202752K, 0% used [0x00000000d5e00000,0x00000000d5e00000,0x00000000e2400000)
  from space 11264K, 0% used [0x00000000e2f80000,0x00000000e2f80000,0x00000000e3a80000)
  to   space 11776K, 0% used [0x00000000e2400000,0x00000000e2400000,0x00000000e2f80000)
 ParOldGen       total 75264K, used 14800K [0x0000000081a00000, 0x0000000086380000, 0x00000000d5e00000)
  object space 75264K, 19% used [0x0000000081a00000,0x00000000828740c0,0x0000000086380000)
 Metaspace       used 33306K, capacity 35388K, committed 35416K, reserved 1079296K
  class space    used 4573K, capacity 4975K, committed 4992K, reserved 1048576K
}
Event: 8.747 GC heap before
{Heap before GC invocations=11 (full 2):
 PSYoungGen      total 214016K, used 202752K [0x00000000d5e00000, 0x00000000e5080000, 0x0000000100000000)
  eden space 202752K, 100% used [0x00000000d5e00000,0x00000000e2400000,0x00000000e2400000)
  from space 11264K, 0% used [0x00000000e2f80000,0x00000000e2f80000,0x00000000e3a80000)
  to   space 11776K, 0% used [0x00000000e2400000,0x00000000e2400000,0x00000000e2f80000)
 ParOldGen       total 75264K, used 14800K [0x0000000081a00000, 0x0000000086380000, 0x00000000d5e00000)
  object space 75264K, 19% used [0x0000000081a00000,0x00000000828740c0,0x0000000086380000)
 Metaspace       used 53601K, capacity 56610K, committed 56920K, reserved 1097728K
  class space    used 7442K, capacity 7981K, committed 8064K, reserved 1048576K
Event: 8.770 GC heap after
Heap after GC invocations=11 (full 2):
 PSYoungGen      total 214528K, used 11745K [0x00000000d5e00000, 0x00000000e8700000, 0x0000000100000000)
  eden space 202752K, 0% used [0x00000000d5e00000,0x00000000d5e00000,0x00000000e2400000)
  from space 11776K, 99% used [0x00000000e2400000,0x00000000e2f78658,0x00000000e2f80000)
  to   space 17408K, 0% used [0x00000000e7600000,0x00000000e7600000,0x00000000e8700000)
 ParOldGen       total 75264K, used 25400K [0x0000000081a00000, 0x0000000086380000, 0x00000000d5e00000)
  object space 75264K, 33% used [0x0000000081a00000,0x00000000832ce050,0x0000000086380000)
 Metaspace       used 53601K, capacity 56610K, committed 56920K, reserved 1097728K
  class space    used 7442K, capacity 7981K, committed 8064K, reserved 1048576K
}
Event: 9.067 GC heap before
{Heap before GC invocations=12 (full 2):
 PSYoungGen      total 214528K, used 38111K [0x00000000d5e00000, 0x00000000e8700000, 0x0000000100000000)
  eden space 202752K, 13% used [0x00000000d5e00000,0x00000000d77bf618,0x00000000e2400000)
  from space 11776K, 99% used [0x00000000e2400000,0x00000000e2f78658,0x00000000e2f80000)
  to   space 17408K, 0% used [0x00000000e7600000,0x00000000e7600000,0x00000000e8700000)
 ParOldGen       total 75264K, used 25400K [0x0000000081a00000, 0x0000000086380000, 0x00000000d5e00000)
  object space 75264K, 33% used [0x0000000081a00000,0x00000000832ce050,0x0000000086380000)
 Metaspace       used 55763K, capacity 58874K, committed 58968K, reserved 1099776K
  class space    used 7707K, capacity 8251K, committed 8320K, reserved 1048576K
Event: 9.082 GC heap after
Heap after GC invocations=12 (full 2):
 PSYoungGen      total 287232K, used 9494K [0x00000000d5e00000, 0x00000000e8900000, 0x0000000100000000)
  eden space 269824K, 0% used [0x00000000d5e00000,0x00000000d5e00000,0x00000000e6580000)
  from space 17408K, 54% used [0x00000000e7600000,0x00000000e7f45988,0x00000000e8700000)
  to   space 16896K, 0% used [0x00000000e6580000,0x00000000e6580000,0x00000000e7600000)
 ParOldGen       total 75264K, used 25408K [0x0000000081a00000, 0x0000000086380000, 0x00000000d5e00000)
  object space 75264K, 33% used [0x0000000081a00000,0x00000000832d0050,0x0000000086380000)
 Metaspace       used 55763K, capacity 58874K, committed 58968K, reserved 1099776K
  class space    used 7707K, capacity 8251K, committed 8320K, reserved 1048576K
}
Event: 9.082 GC heap before
{Heap before GC invocations=13 (full 3):
 PSYoungGen      total 287232K, used 9494K [0x00000000d5e00000, 0x00000000e8900000, 0x0000000100000000)
  eden space 269824K, 0% used [0x00000000d5e00000,0x00000000d5e00000,0x00000000e6580000)
  from space 17408K, 54% used [0x00000000e7600000,0x00000000e7f45988,0x00000000e8700000)
  to   space 16896K, 0% used [0x00000000e6580000,0x00000000e6580000,0x00000000e7600000)
 ParOldGen       total 75264K, used 25408K [0x0000000081a00000, 0x0000000086380000, 0x00000000d5e00000)
  object space 75264K, 33% used [0x0000000081a00000,0x00000000832d0050,0x0000000086380000)
 Metaspace       used 55763K, capacity 58874K, committed 58968K, reserved 1099776K
  class space    used 7707K, capacity 8251K, committed 8320K, reserved 1048576K
Event: 9.318 GC heap after
Heap after GC invocations=13 (full 3):
 PSYoungGen      total 287232K, used 0K [0x00000000d5e00000, 0x00000000e8900000, 0x0000000100000000)
  eden space 269824K, 0% used [0x00000000d5e00000,0x00000000d5e00000,0x00000000e6580000)
  from space 17408K, 0% used [0x00000000e7600000,0x00000000e7600000,0x00000000e8700000)
  to   space 16896K, 0% used [0x00000000e6580000,0x00000000e6580000,0x00000000e7600000)
 ParOldGen       total 102912K, used 21913K [0x0000000081a00000, 0x0000000087e80000, 0x00000000d5e00000)
  object space 102912K, 21% used [0x0000000081a00000,0x0000000082f66770,0x0000000087e80000)
 Metaspace       used 55763K, capacity 58874K, committed 58968K, reserved 1099776K
  class space    used 7707K, capacity 8251K, committed 8320K, reserved 1048576K
}

